nohup: ignoring input
/home/bryansgue/.local/lib/python3.10/site-packages/matplotlib/projections/__init__.py:63: UserWarning: Unable to import Axes3D. This may be due to multiple versions of Matplotlib being installed (e.g. as a system package and as a pip package). As a result, the 3D projection is not available.
  warnings.warn("Unable to import Axes3D. This may be due to multiple versions of "

  Building solvers once with v_theta_max = 15 m/s ...
  [MPCC] Generating + compiling solver ...

WARNING: Gauss-Newton Hessian approximation with EXTERNAL cost type not well defined!
got cost_type EXTERNAL for cost_type_0, cost_type, cost_type_e, hessian_approx: 'GAUSS_NEWTON'.
With this setting, acados will proceed computing the exact Hessian for the cost term and no Hessian contribution from constraints and dynamics.
If the external cost is a linear least squares cost, this coincides with the Gauss-Newton Hessian.
Note: There is also the option to use the external cost module with a numerical Hessian approximation (see `ext_cost_num_hess`).
OR the option to provide a symbolic custom Hessian approximation (see `cost_expr_ext_cost_custom_hess`).

rm -f libacados_ocp_solver_Drone_ode_complete.so
rm -f Drone_ode_complete_cost/Drone_ode_complete_cost_ext_cost_0_fun.o Drone_ode_complete_cost/Drone_ode_complete_cost_ext_cost_0_fun_jac_hess.o Drone_ode_complete_cost/Drone_ode_complete_cost_ext_cost_0_fun_jac.o Drone_ode_complete_cost/Drone_ode_complete_cost_ext_cost_fun.o Drone_ode_complete_cost/Drone_ode_complete_cost_ext_cost_fun_jac_hess.o Drone_ode_complete_cost/Drone_ode_complete_cost_ext_cost_fun_jac.o Drone_ode_complete_cost/Drone_ode_complete_cost_ext_cost_e_fun.o Drone_ode_complete_cost/Drone_ode_complete_cost_ext_cost_e_fun_jac_hess.o Drone_ode_complete_cost/Drone_ode_complete_cost_ext_cost_e_fun_jac.o acados_solver_Drone_ode_complete.o
cc -fPIC -std=c99   -O2 -I/home/bryansgue/acados/include -I/home/bryansgue/acados/include/acados -I/home/bryansgue/acados/include/blasfeo/include -I/home/bryansgue/acados/include/hpipm/include  -c -o Drone_ode_complete_cost/Drone_ode_complete_cost_ext_cost_0_fun.o Drone_ode_complete_cost/Drone_ode_complete_cost_ext_cost_0_fun.c
cc -fPIC -std=c99   -O2 -I/home/bryansgue/acados/include -I/home/bryansgue/acados/include/acados -I/home/bryansgue/acados/include/blasfeo/include -I/home/bryansgue/acados/include/hpipm/include  -c -o Drone_ode_complete_cost/Drone_ode_complete_cost_ext_cost_0_fun_jac_hess.o Drone_ode_complete_cost/Drone_ode_complete_cost_ext_cost_0_fun_jac_hess.c
cc -fPIC -std=c99   -O2 -I/home/bryansgue/acados/include -I/home/bryansgue/acados/include/acados -I/home/bryansgue/acados/include/blasfeo/include -I/home/bryansgue/acados/include/hpipm/include  -c -o Drone_ode_complete_cost/Drone_ode_complete_cost_ext_cost_0_fun_jac.o Drone_ode_complete_cost/Drone_ode_complete_cost_ext_cost_0_fun_jac.c
cc -fPIC -std=c99   -O2 -I/home/bryansgue/acados/include -I/home/bryansgue/acados/include/acados -I/home/bryansgue/acados/include/blasfeo/include -I/home/bryansgue/acados/include/hpipm/include  -c -o Drone_ode_complete_cost/Drone_ode_complete_cost_ext_cost_fun.o Drone_ode_complete_cost/Drone_ode_complete_cost_ext_cost_fun.c
cc -fPIC -std=c99   -O2 -I/home/bryansgue/acados/include -I/home/bryansgue/acados/include/acados -I/home/bryansgue/acados/include/blasfeo/include -I/home/bryansgue/acados/include/hpipm/include  -c -o Drone_ode_complete_cost/Drone_ode_complete_cost_ext_cost_fun_jac_hess.o Drone_ode_complete_cost/Drone_ode_complete_cost_ext_cost_fun_jac_hess.c
cc -fPIC -std=c99   -O2 -I/home/bryansgue/acados/include -I/home/bryansgue/acados/include/acados -I/home/bryansgue/acados/include/blasfeo/include -I/home/bryansgue/acados/include/hpipm/include  -c -o Drone_ode_complete_cost/Drone_ode_complete_cost_ext_cost_fun_jac.o Drone_ode_complete_cost/Drone_ode_complete_cost_ext_cost_fun_jac.c
cc -fPIC -std=c99   -O2 -I/home/bryansgue/acados/include -I/home/bryansgue/acados/include/acados -I/home/bryansgue/acados/include/blasfeo/include -I/home/bryansgue/acados/include/hpipm/include  -c -o Drone_ode_complete_cost/Drone_ode_complete_cost_ext_cost_e_fun.o Drone_ode_complete_cost/Drone_ode_complete_cost_ext_cost_e_fun.c
cc -fPIC -std=c99   -O2 -I/home/bryansgue/acados/include -I/home/bryansgue/acados/include/acados -I/home/bryansgue/acados/include/blasfeo/include -I/home/bryansgue/acados/include/hpipm/include  -c -o Drone_ode_complete_cost/Drone_ode_complete_cost_ext_cost_e_fun_jac_hess.o Drone_ode_complete_cost/Drone_ode_complete_cost_ext_cost_e_fun_jac_hess.c
cc -fPIC -std=c99   -O2 -I/home/bryansgue/acados/include -I/home/bryansgue/acados/include/acados -I/home/bryansgue/acados/include/blasfeo/include -I/home/bryansgue/acados/include/hpipm/include  -c -o Drone_ode_complete_cost/Drone_ode_complete_cost_ext_cost_e_fun_jac.o Drone_ode_complete_cost/Drone_ode_complete_cost_ext_cost_e_fun_jac.c
cc -fPIC -std=c99   -O2 -I/home/bryansgue/acados/include -I/home/bryansgue/acados/include/acados -I/home/bryansgue/acados/include/blasfeo/include -I/home/bryansgue/acados/include/hpipm/include  -c -o acados_solver_Drone_ode_complete.o acados_solver_Drone_ode_complete.c
cc -fPIC -std=c99   -O2 -I/home/bryansgue/acados/include -I/home/bryansgue/acados/include/acados -I/home/bryansgue/acados/include/blasfeo/include -I/home/bryansgue/acados/include/hpipm/include  -c -o Drone_ode_complete_model/Drone_ode_complete_expl_ode_fun.o Drone_ode_complete_model/Drone_ode_complete_expl_ode_fun.c
cc -fPIC -std=c99   -O2 -I/home/bryansgue/acados/include -I/home/bryansgue/acados/include/acados -I/home/bryansgue/acados/include/blasfeo/include -I/home/bryansgue/acados/include/hpipm/include  -c -o Drone_ode_complete_model/Drone_ode_complete_expl_vde_forw.o Drone_ode_complete_model/Drone_ode_complete_expl_vde_forw.c
cc -fPIC -std=c99   -O2 -I/home/bryansgue/acados/include -I/home/bryansgue/acados/include/acados -I/home/bryansgue/acados/include/blasfeo/include -I/home/bryansgue/acados/include/hpipm/include  -c -o Drone_ode_complete_model/Drone_ode_complete_expl_vde_adj.o Drone_ode_complete_model/Drone_ode_complete_expl_vde_adj.c
cc -shared Drone_ode_complete_cost/Drone_ode_complete_cost_ext_cost_0_fun.o Drone_ode_complete_cost/Drone_ode_complete_cost_ext_cost_0_fun_jac_hess.o Drone_ode_complete_cost/Drone_ode_complete_cost_ext_cost_0_fun_jac.o Drone_ode_complete_cost/Drone_ode_complete_cost_ext_cost_fun.o Drone_ode_complete_cost/Drone_ode_complete_cost_ext_cost_fun_jac_hess.o Drone_ode_complete_cost/Drone_ode_complete_cost_ext_cost_fun_jac.o Drone_ode_complete_cost/Drone_ode_complete_cost_ext_cost_e_fun.o Drone_ode_complete_cost/Drone_ode_complete_cost_ext_cost_e_fun_jac_hess.o Drone_ode_complete_cost/Drone_ode_complete_cost_ext_cost_e_fun_jac.o acados_solver_Drone_ode_complete.o Drone_ode_complete_model/Drone_ode_complete_expl_ode_fun.o Drone_ode_complete_model/Drone_ode_complete_expl_vde_forw.o Drone_ode_complete_model/Drone_ode_complete_expl_vde_adj.o -o libacados_ocp_solver_Drone_ode_complete.so -L/home/bryansgue/acados/lib -lacados -lhpipm -lblasfeo -lm \
-L -l
acados was compiled without OpenMP.
  [MPCC] Solver ready.
  [DQ]   Generating + compiling solver ...

WARNING: Gauss-Newton Hessian approximation with EXTERNAL cost type not well defined!
got cost_type EXTERNAL for cost_type_0, cost_type, cost_type_e, hessian_approx: 'GAUSS_NEWTON'.
With this setting, acados will proceed computing the exact Hessian for the cost term and no Hessian contribution from constraints and dynamics.
If the external cost is a linear least squares cost, this coincides with the Gauss-Newton Hessian.
Note: There is also the option to use the external cost module with a numerical Hessian approximation (see `ext_cost_num_hess`).
OR the option to provide a symbolic custom Hessian approximation (see `cost_expr_ext_cost_custom_hess`).

rm -f libacados_ocp_solver_DQ_Drone_MPCC.so
rm -f DQ_Drone_MPCC_constraints/DQ_Drone_MPCC_constr_h_fun_jac_uxt_zt.o DQ_Drone_MPCC_constraints/DQ_Drone_MPCC_constr_h_fun.o DQ_Drone_MPCC_cost/DQ_Drone_MPCC_cost_ext_cost_0_fun.o DQ_Drone_MPCC_cost/DQ_Drone_MPCC_cost_ext_cost_0_fun_jac_hess.o DQ_Drone_MPCC_cost/DQ_Drone_MPCC_cost_ext_cost_0_fun_jac.o DQ_Drone_MPCC_cost/DQ_Drone_MPCC_cost_ext_cost_fun.o DQ_Drone_MPCC_cost/DQ_Drone_MPCC_cost_ext_cost_fun_jac_hess.o DQ_Drone_MPCC_cost/DQ_Drone_MPCC_cost_ext_cost_fun_jac.o DQ_Drone_MPCC_cost/DQ_Drone_MPCC_cost_ext_cost_e_fun.o DQ_Drone_MPCC_cost/DQ_Drone_MPCC_cost_ext_cost_e_fun_jac_hess.o DQ_Drone_MPCC_cost/DQ_Drone_MPCC_cost_ext_cost_e_fun_jac.o acados_solver_DQ_Drone_MPCC.o
cc -fPIC -std=c99   -O2 -I/home/bryansgue/acados/include -I/home/bryansgue/acados/include/acados -I/home/bryansgue/acados/include/blasfeo/include -I/home/bryansgue/acados/include/hpipm/include  -c -o DQ_Drone_MPCC_constraints/DQ_Drone_MPCC_constr_h_fun_jac_uxt_zt.o DQ_Drone_MPCC_constraints/DQ_Drone_MPCC_constr_h_fun_jac_uxt_zt.c
cc -fPIC -std=c99   -O2 -I/home/bryansgue/acados/include -I/home/bryansgue/acados/include/acados -I/home/bryansgue/acados/include/blasfeo/include -I/home/bryansgue/acados/include/hpipm/include  -c -o DQ_Drone_MPCC_constraints/DQ_Drone_MPCC_constr_h_fun.o DQ_Drone_MPCC_constraints/DQ_Drone_MPCC_constr_h_fun.c
cc -fPIC -std=c99   -O2 -I/home/bryansgue/acados/include -I/home/bryansgue/acados/include/acados -I/home/bryansgue/acados/include/blasfeo/include -I/home/bryansgue/acados/include/hpipm/include  -c -o DQ_Drone_MPCC_cost/DQ_Drone_MPCC_cost_ext_cost_0_fun.o DQ_Drone_MPCC_cost/DQ_Drone_MPCC_cost_ext_cost_0_fun.c
cc -fPIC -std=c99   -O2 -I/home/bryansgue/acados/include -I/home/bryansgue/acados/include/acados -I/home/bryansgue/acados/include/blasfeo/include -I/home/bryansgue/acados/include/hpipm/include  -c -o DQ_Drone_MPCC_cost/DQ_Drone_MPCC_cost_ext_cost_0_fun_jac_hess.o DQ_Drone_MPCC_cost/DQ_Drone_MPCC_cost_ext_cost_0_fun_jac_hess.c
cc -fPIC -std=c99   -O2 -I/home/bryansgue/acados/include -I/home/bryansgue/acados/include/acados -I/home/bryansgue/acados/include/blasfeo/include -I/home/bryansgue/acados/include/hpipm/include  -c -o DQ_Drone_MPCC_cost/DQ_Drone_MPCC_cost_ext_cost_0_fun_jac.o DQ_Drone_MPCC_cost/DQ_Drone_MPCC_cost_ext_cost_0_fun_jac.c
cc -fPIC -std=c99   -O2 -I/home/bryansgue/acados/include -I/home/bryansgue/acados/include/acados -I/home/bryansgue/acados/include/blasfeo/include -I/home/bryansgue/acados/include/hpipm/include  -c -o DQ_Drone_MPCC_cost/DQ_Drone_MPCC_cost_ext_cost_fun.o DQ_Drone_MPCC_cost/DQ_Drone_MPCC_cost_ext_cost_fun.c
cc -fPIC -std=c99   -O2 -I/home/bryansgue/acados/include -I/home/bryansgue/acados/include/acados -I/home/bryansgue/acados/include/blasfeo/include -I/home/bryansgue/acados/include/hpipm/include  -c -o DQ_Drone_MPCC_cost/DQ_Drone_MPCC_cost_ext_cost_fun_jac_hess.o DQ_Drone_MPCC_cost/DQ_Drone_MPCC_cost_ext_cost_fun_jac_hess.c
cc -fPIC -std=c99   -O2 -I/home/bryansgue/acados/include -I/home/bryansgue/acados/include/acados -I/home/bryansgue/acados/include/blasfeo/include -I/home/bryansgue/acados/include/hpipm/include  -c -o DQ_Drone_MPCC_cost/DQ_Drone_MPCC_cost_ext_cost_fun_jac.o DQ_Drone_MPCC_cost/DQ_Drone_MPCC_cost_ext_cost_fun_jac.c
cc -fPIC -std=c99   -O2 -I/home/bryansgue/acados/include -I/home/bryansgue/acados/include/acados -I/home/bryansgue/acados/include/blasfeo/include -I/home/bryansgue/acados/include/hpipm/include  -c -o DQ_Drone_MPCC_cost/DQ_Drone_MPCC_cost_ext_cost_e_fun.o DQ_Drone_MPCC_cost/DQ_Drone_MPCC_cost_ext_cost_e_fun.c
cc -fPIC -std=c99   -O2 -I/home/bryansgue/acados/include -I/home/bryansgue/acados/include/acados -I/home/bryansgue/acados/include/blasfeo/include -I/home/bryansgue/acados/include/hpipm/include  -c -o DQ_Drone_MPCC_cost/DQ_Drone_MPCC_cost_ext_cost_e_fun_jac_hess.o DQ_Drone_MPCC_cost/DQ_Drone_MPCC_cost_ext_cost_e_fun_jac_hess.c
cc -fPIC -std=c99   -O2 -I/home/bryansgue/acados/include -I/home/bryansgue/acados/include/acados -I/home/bryansgue/acados/include/blasfeo/include -I/home/bryansgue/acados/include/hpipm/include  -c -o DQ_Drone_MPCC_cost/DQ_Drone_MPCC_cost_ext_cost_e_fun_jac.o DQ_Drone_MPCC_cost/DQ_Drone_MPCC_cost_ext_cost_e_fun_jac.c
cc -fPIC -std=c99   -O2 -I/home/bryansgue/acados/include -I/home/bryansgue/acados/include/acados -I/home/bryansgue/acados/include/blasfeo/include -I/home/bryansgue/acados/include/hpipm/include  -c -o acados_solver_DQ_Drone_MPCC.o acados_solver_DQ_Drone_MPCC.c
cc -fPIC -std=c99   -O2 -I/home/bryansgue/acados/include -I/home/bryansgue/acados/include/acados -I/home/bryansgue/acados/include/blasfeo/include -I/home/bryansgue/acados/include/hpipm/include  -c -o DQ_Drone_MPCC_model/DQ_Drone_MPCC_expl_ode_fun.o DQ_Drone_MPCC_model/DQ_Drone_MPCC_expl_ode_fun.c
cc -fPIC -std=c99   -O2 -I/home/bryansgue/acados/include -I/home/bryansgue/acados/include/acados -I/home/bryansgue/acados/include/blasfeo/include -I/home/bryansgue/acados/include/hpipm/include  -c -o DQ_Drone_MPCC_model/DQ_Drone_MPCC_expl_vde_forw.o DQ_Drone_MPCC_model/DQ_Drone_MPCC_expl_vde_forw.c
cc -fPIC -std=c99   -O2 -I/home/bryansgue/acados/include -I/home/bryansgue/acados/include/acados -I/home/bryansgue/acados/include/blasfeo/include -I/home/bryansgue/acados/include/hpipm/include  -c -o DQ_Drone_MPCC_model/DQ_Drone_MPCC_expl_vde_adj.o DQ_Drone_MPCC_model/DQ_Drone_MPCC_expl_vde_adj.c
cc -shared DQ_Drone_MPCC_constraints/DQ_Drone_MPCC_constr_h_fun_jac_uxt_zt.o DQ_Drone_MPCC_constraints/DQ_Drone_MPCC_constr_h_fun.o DQ_Drone_MPCC_cost/DQ_Drone_MPCC_cost_ext_cost_0_fun.o DQ_Drone_MPCC_cost/DQ_Drone_MPCC_cost_ext_cost_0_fun_jac_hess.o DQ_Drone_MPCC_cost/DQ_Drone_MPCC_cost_ext_cost_0_fun_jac.o DQ_Drone_MPCC_cost/DQ_Drone_MPCC_cost_ext_cost_fun.o DQ_Drone_MPCC_cost/DQ_Drone_MPCC_cost_ext_cost_fun_jac_hess.o DQ_Drone_MPCC_cost/DQ_Drone_MPCC_cost_ext_cost_fun_jac.o DQ_Drone_MPCC_cost/DQ_Drone_MPCC_cost_ext_cost_e_fun.o DQ_Drone_MPCC_cost/DQ_Drone_MPCC_cost_ext_cost_e_fun_jac_hess.o DQ_Drone_MPCC_cost/DQ_Drone_MPCC_cost_ext_cost_e_fun_jac.o acados_solver_DQ_Drone_MPCC.o DQ_Drone_MPCC_model/DQ_Drone_MPCC_expl_ode_fun.o DQ_Drone_MPCC_model/DQ_Drone_MPCC_expl_vde_forw.o DQ_Drone_MPCC_model/DQ_Drone_MPCC_expl_vde_adj.o -o libacados_ocp_solver_DQ_Drone_MPCC.so -L/home/bryansgue/acados/lib -lacados -lhpipm -lblasfeo -lm \
-L -l
acados was compiled without OpenMP.
  [DQ]   Solver ready.

======================================================================
  VELOCITY 1/3:  v_theta_max = 8 m/s
======================================================================
  [   2/12] v=8  run=  1/2  ( 16.7%)  ETA 2.1 min  [   4/12] v=8  run=  2/2  ( 33.3%)  ETA 1.7 min
  [DQ-MPCC   ] v=8  OK=2  FAIL=0  RMSE_pos=0.6185  RMSE_ori=0.6390
  [Baseline  ] v=8  OK=2  FAIL=0  RMSE_pos=0.6518  RMSE_ori=0.3788
  (completion criterion: theta >= 95% of s_max=100.0)

======================================================================
  VELOCITY 2/3:  v_theta_max = 12 m/s
======================================================================

    [DQ]   Run 1 INCOMPLETE: theta=27.1/100.0 (27%)
  [   6/12] v=12  run=  1/2  ( 50.0%)  ETA 1.0 min
    [DQ]   Run 2 INCOMPLETE: theta=29.9/100.0 (30%)
  [   8/12] v=12  run=  2/2  ( 66.7%)  ETA 0.6 min
  [DQ-MPCC   ] v=12  ALL FAILED (2)
  [Baseline  ] v=12  OK=2  FAIL=0  RMSE_pos=0.7386  RMSE_ori=0.5069
  (completion criterion: theta >= 95% of s_max=100.0)

======================================================================
  VELOCITY 3/3:  v_theta_max = 15 m/s
======================================================================

    [DQ]   Run 1 INCOMPLETE: theta=79.8/100.0 (80%)
  [  10/12] v=15  run=  1/2  ( 83.3%)  ETA 0.3 min
SQP_RTI: QP solver returned error status 3 (ACADOS_MINSTEP) QP iteration 7.

SQP_RTI: QP solver returned error status 3 (ACADOS_MINSTEP) QP iteration 8.
  [  12/12] v=15  run=  2/2  (100.0%)  ETA 0.0 min
  [DQ-MPCC   ] v=15  OK=1  FAIL=1  RMSE_pos=0.7692  RMSE_ori=0.8899
  [Baseline  ] v=15  OK=2  FAIL=0  RMSE_pos=0.9355  RMSE_ori=0.6302
  (completion criterion: theta >= 95% of s_max=100.0)

======================================================================
  DONE — 12 runs in 1.7 min
  Results saved to /home/bryansgue/dev/ros2/DQ-MPCC_vs_MPCC_baseline/experiment2_results/velocity_sweep_data.mat
======================================================================
