[experiment_config] ✓ DQ-MPCC weights loaded from /home/bryansgue/dev/ros2/DQ-MPCC_vs_MPCC_baseline/DQ-MPCC_baseline/tuning/best_weights.json
[experiment_config] ✓ MPCC weights loaded from /home/bryansgue/dev/ros2/DQ-MPCC_vs_MPCC_baseline/MPCC_baseline/tuning/best_weights.json

  Building solvers once with v_theta_max = 18 m/s ...
  [MPCC] Generating + compiling solver ...

WARNING: Gauss-Newton Hessian approximation with EXTERNAL cost type not well defined!
got cost_type EXTERNAL for cost_type_0, cost_type, cost_type_e, hessian_approx: 'GAUSS_NEWTON'.
With this setting, acados will proceed computing the exact Hessian for the cost term and no Hessian contribution from constraints and dynamics.
If the external cost is a linear least squares cost, this coincides with the Gauss-Newton Hessian.
Note: There is also the option to use the external cost module with a numerical Hessian approximation (see `ext_cost_num_hess`).
OR the option to provide a symbolic custom Hessian approximation (see `cost_expr_ext_cost_custom_hess`).

rm -f libacados_ocp_solver_Drone_ode_complete.so
rm -f Drone_ode_complete_cost/Drone_ode_complete_cost_ext_cost_0_fun.o Drone_ode_complete_cost/Drone_ode_complete_cost_ext_cost_0_fun_jac_hess.o Drone_ode_complete_cost/Drone_ode_complete_cost_ext_cost_0_fun_jac.o Drone_ode_complete_cost/Drone_ode_complete_cost_ext_cost_fun.o Drone_ode_complete_cost/Drone_ode_complete_cost_ext_cost_fun_jac_hess.o Drone_ode_complete_cost/Drone_ode_complete_cost_ext_cost_fun_jac.o Drone_ode_complete_cost/Drone_ode_complete_cost_ext_cost_e_fun.o Drone_ode_complete_cost/Drone_ode_complete_cost_ext_cost_e_fun_jac_hess.o Drone_ode_complete_cost/Drone_ode_complete_cost_ext_cost_e_fun_jac.o acados_solver_Drone_ode_complete.o
cc -fPIC -std=c99   -O2 -I/home/bryansgue/acados/include -I/home/bryansgue/acados/include/acados -I/home/bryansgue/acados/include/blasfeo/include -I/home/bryansgue/acados/include/hpipm/include  -c -o Drone_ode_complete_cost/Drone_ode_complete_cost_ext_cost_0_fun.o Drone_ode_complete_cost/Drone_ode_complete_cost_ext_cost_0_fun.c
cc -fPIC -std=c99   -O2 -I/home/bryansgue/acados/include -I/home/bryansgue/acados/include/acados -I/home/bryansgue/acados/include/blasfeo/include -I/home/bryansgue/acados/include/hpipm/include  -c -o Drone_ode_complete_cost/Drone_ode_complete_cost_ext_cost_0_fun_jac_hess.o Drone_ode_complete_cost/Drone_ode_complete_cost_ext_cost_0_fun_jac_hess.c
cc -fPIC -std=c99   -O2 -I/home/bryansgue/acados/include -I/home/bryansgue/acados/include/acados -I/home/bryansgue/acados/include/blasfeo/include -I/home/bryansgue/acados/include/hpipm/include  -c -o Drone_ode_complete_cost/Drone_ode_complete_cost_ext_cost_0_fun_jac.o Drone_ode_complete_cost/Drone_ode_complete_cost_ext_cost_0_fun_jac.c
cc -fPIC -std=c99   -O2 -I/home/bryansgue/acados/include -I/home/bryansgue/acados/include/acados -I/home/bryansgue/acados/include/blasfeo/include -I/home/bryansgue/acados/include/hpipm/include  -c -o Drone_ode_complete_cost/Drone_ode_complete_cost_ext_cost_fun.o Drone_ode_complete_cost/Drone_ode_complete_cost_ext_cost_fun.c
cc -fPIC -std=c99   -O2 -I/home/bryansgue/acados/include -I/home/bryansgue/acados/include/acados -I/home/bryansgue/acados/include/blasfeo/include -I/home/bryansgue/acados/include/hpipm/include  -c -o Drone_ode_complete_cost/Drone_ode_complete_cost_ext_cost_fun_jac_hess.o Drone_ode_complete_cost/Drone_ode_complete_cost_ext_cost_fun_jac_hess.c
cc -fPIC -std=c99   -O2 -I/home/bryansgue/acados/include -I/home/bryansgue/acados/include/acados -I/home/bryansgue/acados/include/blasfeo/include -I/home/bryansgue/acados/include/hpipm/include  -c -o Drone_ode_complete_cost/Drone_ode_complete_cost_ext_cost_fun_jac.o Drone_ode_complete_cost/Drone_ode_complete_cost_ext_cost_fun_jac.c
cc -fPIC -std=c99   -O2 -I/home/bryansgue/acados/include -I/home/bryansgue/acados/include/acados -I/home/bryansgue/acados/include/blasfeo/include -I/home/bryansgue/acados/include/hpipm/include  -c -o Drone_ode_complete_cost/Drone_ode_complete_cost_ext_cost_e_fun.o Drone_ode_complete_cost/Drone_ode_complete_cost_ext_cost_e_fun.c
cc -fPIC -std=c99   -O2 -I/home/bryansgue/acados/include -I/home/bryansgue/acados/include/acados -I/home/bryansgue/acados/include/blasfeo/include -I/home/bryansgue/acados/include/hpipm/include  -c -o Drone_ode_complete_cost/Drone_ode_complete_cost_ext_cost_e_fun_jac_hess.o Drone_ode_complete_cost/Drone_ode_complete_cost_ext_cost_e_fun_jac_hess.c
cc -fPIC -std=c99   -O2 -I/home/bryansgue/acados/include -I/home/bryansgue/acados/include/acados -I/home/bryansgue/acados/include/blasfeo/include -I/home/bryansgue/acados/include/hpipm/include  -c -o Drone_ode_complete_cost/Drone_ode_complete_cost_ext_cost_e_fun_jac.o Drone_ode_complete_cost/Drone_ode_complete_cost_ext_cost_e_fun_jac.c
cc -fPIC -std=c99   -O2 -I/home/bryansgue/acados/include -I/home/bryansgue/acados/include/acados -I/home/bryansgue/acados/include/blasfeo/include -I/home/bryansgue/acados/include/hpipm/include  -c -o acados_solver_Drone_ode_complete.o acados_solver_Drone_ode_complete.c
cc -fPIC -std=c99   -O2 -I/home/bryansgue/acados/include -I/home/bryansgue/acados/include/acados -I/home/bryansgue/acados/include/blasfeo/include -I/home/bryansgue/acados/include/hpipm/include  -c -o Drone_ode_complete_model/Drone_ode_complete_expl_ode_fun.o Drone_ode_complete_model/Drone_ode_complete_expl_ode_fun.c
cc -fPIC -std=c99   -O2 -I/home/bryansgue/acados/include -I/home/bryansgue/acados/include/acados -I/home/bryansgue/acados/include/blasfeo/include -I/home/bryansgue/acados/include/hpipm/include  -c -o Drone_ode_complete_model/Drone_ode_complete_expl_vde_forw.o Drone_ode_complete_model/Drone_ode_complete_expl_vde_forw.c
cc -fPIC -std=c99   -O2 -I/home/bryansgue/acados/include -I/home/bryansgue/acados/include/acados -I/home/bryansgue/acados/include/blasfeo/include -I/home/bryansgue/acados/include/hpipm/include  -c -o Drone_ode_complete_model/Drone_ode_complete_expl_vde_adj.o Drone_ode_complete_model/Drone_ode_complete_expl_vde_adj.c
cc -shared Drone_ode_complete_cost/Drone_ode_complete_cost_ext_cost_0_fun.o Drone_ode_complete_cost/Drone_ode_complete_cost_ext_cost_0_fun_jac_hess.o Drone_ode_complete_cost/Drone_ode_complete_cost_ext_cost_0_fun_jac.o Drone_ode_complete_cost/Drone_ode_complete_cost_ext_cost_fun.o Drone_ode_complete_cost/Drone_ode_complete_cost_ext_cost_fun_jac_hess.o Drone_ode_complete_cost/Drone_ode_complete_cost_ext_cost_fun_jac.o Drone_ode_complete_cost/Drone_ode_complete_cost_ext_cost_e_fun.o Drone_ode_complete_cost/Drone_ode_complete_cost_ext_cost_e_fun_jac_hess.o Drone_ode_complete_cost/Drone_ode_complete_cost_ext_cost_e_fun_jac.o acados_solver_Drone_ode_complete.o Drone_ode_complete_model/Drone_ode_complete_expl_ode_fun.o Drone_ode_complete_model/Drone_ode_complete_expl_vde_forw.o Drone_ode_complete_model/Drone_ode_complete_expl_vde_adj.o -o libacados_ocp_solver_Drone_ode_complete.so -L/home/bryansgue/acados/lib -lacados -lhpipm -lblasfeo -lm \
-L -l
acados was compiled without OpenMP.
  [MPCC] Solver ready.
  [DQ]   Generating + compiling solver ...

WARNING: Gauss-Newton Hessian approximation with EXTERNAL cost type not well defined!
got cost_type EXTERNAL for cost_type_0, cost_type, cost_type_e, hessian_approx: 'GAUSS_NEWTON'.
With this setting, acados will proceed computing the exact Hessian for the cost term and no Hessian contribution from constraints and dynamics.
If the external cost is a linear least squares cost, this coincides with the Gauss-Newton Hessian.
Note: There is also the option to use the external cost module with a numerical Hessian approximation (see `ext_cost_num_hess`).
OR the option to provide a symbolic custom Hessian approximation (see `cost_expr_ext_cost_custom_hess`).

rm -f libacados_ocp_solver_DQ_Drone_MPCC.so
rm -f DQ_Drone_MPCC_constraints/DQ_Drone_MPCC_constr_h_fun_jac_uxt_zt.o DQ_Drone_MPCC_constraints/DQ_Drone_MPCC_constr_h_fun.o DQ_Drone_MPCC_cost/DQ_Drone_MPCC_cost_ext_cost_0_fun.o DQ_Drone_MPCC_cost/DQ_Drone_MPCC_cost_ext_cost_0_fun_jac_hess.o DQ_Drone_MPCC_cost/DQ_Drone_MPCC_cost_ext_cost_0_fun_jac.o DQ_Drone_MPCC_cost/DQ_Drone_MPCC_cost_ext_cost_fun.o DQ_Drone_MPCC_cost/DQ_Drone_MPCC_cost_ext_cost_fun_jac_hess.o DQ_Drone_MPCC_cost/DQ_Drone_MPCC_cost_ext_cost_fun_jac.o DQ_Drone_MPCC_cost/DQ_Drone_MPCC_cost_ext_cost_e_fun.o DQ_Drone_MPCC_cost/DQ_Drone_MPCC_cost_ext_cost_e_fun_jac_hess.o DQ_Drone_MPCC_cost/DQ_Drone_MPCC_cost_ext_cost_e_fun_jac.o acados_solver_DQ_Drone_MPCC.o
cc -fPIC -std=c99   -O2 -I/home/bryansgue/acados/include -I/home/bryansgue/acados/include/acados -I/home/bryansgue/acados/include/blasfeo/include -I/home/bryansgue/acados/include/hpipm/include  -c -o DQ_Drone_MPCC_constraints/DQ_Drone_MPCC_constr_h_fun_jac_uxt_zt.o DQ_Drone_MPCC_constraints/DQ_Drone_MPCC_constr_h_fun_jac_uxt_zt.c
cc -fPIC -std=c99   -O2 -I/home/bryansgue/acados/include -I/home/bryansgue/acados/include/acados -I/home/bryansgue/acados/include/blasfeo/include -I/home/bryansgue/acados/include/hpipm/include  -c -o DQ_Drone_MPCC_constraints/DQ_Drone_MPCC_constr_h_fun.o DQ_Drone_MPCC_constraints/DQ_Drone_MPCC_constr_h_fun.c
cc -fPIC -std=c99   -O2 -I/home/bryansgue/acados/include -I/home/bryansgue/acados/include/acados -I/home/bryansgue/acados/include/blasfeo/include -I/home/bryansgue/acados/include/hpipm/include  -c -o DQ_Drone_MPCC_cost/DQ_Drone_MPCC_cost_ext_cost_0_fun.o DQ_Drone_MPCC_cost/DQ_Drone_MPCC_cost_ext_cost_0_fun.c
cc -fPIC -std=c99   -O2 -I/home/bryansgue/acados/include -I/home/bryansgue/acados/include/acados -I/home/bryansgue/acados/include/blasfeo/include -I/home/bryansgue/acados/include/hpipm/include  -c -o DQ_Drone_MPCC_cost/DQ_Drone_MPCC_cost_ext_cost_0_fun_jac_hess.o DQ_Drone_MPCC_cost/DQ_Drone_MPCC_cost_ext_cost_0_fun_jac_hess.c
cc -fPIC -std=c99   -O2 -I/home/bryansgue/acados/include -I/home/bryansgue/acados/include/acados -I/home/bryansgue/acados/include/blasfeo/include -I/home/bryansgue/acados/include/hpipm/include  -c -o DQ_Drone_MPCC_cost/DQ_Drone_MPCC_cost_ext_cost_0_fun_jac.o DQ_Drone_MPCC_cost/DQ_Drone_MPCC_cost_ext_cost_0_fun_jac.c
cc -fPIC -std=c99   -O2 -I/home/bryansgue/acados/include -I/home/bryansgue/acados/include/acados -I/home/bryansgue/acados/include/blasfeo/include -I/home/bryansgue/acados/include/hpipm/include  -c -o DQ_Drone_MPCC_cost/DQ_Drone_MPCC_cost_ext_cost_fun.o DQ_Drone_MPCC_cost/DQ_Drone_MPCC_cost_ext_cost_fun.c
cc -fPIC -std=c99   -O2 -I/home/bryansgue/acados/include -I/home/bryansgue/acados/include/acados -I/home/bryansgue/acados/include/blasfeo/include -I/home/bryansgue/acados/include/hpipm/include  -c -o DQ_Drone_MPCC_cost/DQ_Drone_MPCC_cost_ext_cost_fun_jac_hess.o DQ_Drone_MPCC_cost/DQ_Drone_MPCC_cost_ext_cost_fun_jac_hess.c
